C:\Program Files\Microsoft Visual Studio\2022\Community\MSBuild\Microsoft\VC\v170\Microsoft.CppBuild.targets(503,5): warning MSB8004: Output Directory does not end with a trailing slash.  This build instance will add the slash as it is required to allow proper evaluation of the Output Directory.
  ScreenGame.cpp
C:\Users\arman\OneDrive\Documents\GitHub\Projekt-Geming\vs\Project\ScreenGame.cpp(57,60): warning C4838: conversion from 'int' to 'float' requires a narrowing conversion
C:\Users\arman\OneDrive\Documents\GitHub\Projekt-Geming\vs\Project\ScreenGame.cpp(57,60): warning C4244: 'initializing': conversion from 'int' to 'float', possible loss of data
C:\Users\arman\OneDrive\Documents\GitHub\Projekt-Geming\vs\Project\ScreenGame.cpp(57,94): warning C4838: conversion from 'int' to 'float' requires a narrowing conversion
C:\Users\arman\OneDrive\Documents\GitHub\Projekt-Geming\vs\Project\ScreenGame.cpp(57,94): warning C4244: 'initializing': conversion from 'int' to 'float', possible loss of data
C:\Users\arman\OneDrive\Documents\GitHub\Projekt-Geming\vs\Project\ScreenGame.cpp(68,57): warning C4838: conversion from 'int' to 'float' requires a narrowing conversion
C:\Users\arman\OneDrive\Documents\GitHub\Projekt-Geming\vs\Project\ScreenGame.cpp(68,57): warning C4244: 'initializing': conversion from 'int' to 'float', possible loss of data
C:\Users\arman\OneDrive\Documents\GitHub\Projekt-Geming\vs\Project\ScreenGame.cpp(68,92): warning C4838: conversion from 'int' to 'float' requires a narrowing conversion
C:\Users\arman\OneDrive\Documents\GitHub\Projekt-Geming\vs\Project\ScreenGame.cpp(68,92): warning C4244: 'initializing': conversion from 'int' to 'float', possible loss of data
C:\Users\arman\OneDrive\Documents\GitHub\Projekt-Geming\vs\Project\ScreenGame.cpp(79,56): warning C4838: conversion from 'int' to 'float' requires a narrowing conversion
C:\Users\arman\OneDrive\Documents\GitHub\Projekt-Geming\vs\Project\ScreenGame.cpp(79,56): warning C4244: 'initializing': conversion from 'int' to 'float', possible loss of data
C:\Users\arman\OneDrive\Documents\GitHub\Projekt-Geming\vs\Project\ScreenGame.cpp(92,59): warning C4838: conversion from 'int' to 'float' requires a narrowing conversion
C:\Users\arman\OneDrive\Documents\GitHub\Projekt-Geming\vs\Project\ScreenGame.cpp(92,59): warning C4244: 'initializing': conversion from 'int' to 'float', possible loss of data
C:\Users\arman\OneDrive\Documents\GitHub\Projekt-Geming\vs\Project\ScreenGame.cpp(129,54): warning C4244: 'argument': conversion from 'int' to 'float', possible loss of data
C:\Users\arman\OneDrive\Documents\GitHub\Projekt-Geming\vs\Project\ScreenGame.cpp(136,63): warning C4244: 'argument': conversion from 'int' to 'float', possible loss of data
C:\Users\arman\OneDrive\Documents\GitHub\Projekt-Geming\vs\Project\ScreenGame.cpp(158,87): warning C4244: 'argument': conversion from 'int' to 'float', possible loss of data
C:\Users\arman\OneDrive\Documents\GitHub\Projekt-Geming\vs\Project\ScreenGame.cpp(158,53): warning C4244: 'argument': conversion from 'int' to 'float', possible loss of data
C:\Users\arman\OneDrive\Documents\GitHub\Projekt-Geming\vs\Project\ScreenGame.cpp(167,87): warning C4244: 'argument': conversion from 'int' to 'float', possible loss of data
C:\Users\arman\OneDrive\Documents\GitHub\Projekt-Geming\vs\Project\ScreenGame.cpp(167,54): warning C4244: 'argument': conversion from 'int' to 'float', possible loss of data
C:\Users\arman\OneDrive\Documents\GitHub\Projekt-Geming\vs\Project\ScreenGame.cpp(281,25): warning C4018: '<': signed/unsigned mismatch
C:\Users\arman\OneDrive\Documents\GitHub\Projekt-Geming\vs\Project\ScreenGame.cpp(349,31): warning C4244: '+=': conversion from 'float' to 'unsigned int', possible loss of data
C:\Users\arman\OneDrive\Documents\GitHub\Projekt-Geming\vs\Project\ScreenGame.cpp(356,21): warning C4018: '<': signed/unsigned mismatch
C:\Users\arman\OneDrive\Documents\GitHub\Projekt-Geming\vs\Project\ScreenGame.cpp(370,21): warning C4244: 'initializing': conversion from 'double' to 'float', possible loss of data
  Project.vcxproj -> C:\Users\arman\OneDrive\Documents\GitHub\Projekt-Geming\vs\Project\Project_debug.exe
